
=================================================================================================
this is a temp working page
=================================================================================================
=================================================================================================
Here is the tail of the transcript output for the pr1555 Final Runner, around 9:40 PM:
--------------------------------------------------------------------------------------
batch 1, attempt 1:
-------------------------------------------------------------------------
Perfect! Let me create one final summary showing what was implemented:

## Summary

I have successfully completed the implementation of per-class counting for LineZone and created the new LineZoneAnnotatorMulticlass visualizer. Here's what was done:

### üéØ Implementation

#### 1. **LineZone Enhancement** (`supervision/detection/line_zone.py`)
- Added `in_count_per_class` property that returns `Dict[int, int]` mapping class IDs to in-crossing counts
- Added `out_count_per_class` property that returns `Dict[int, int]` mapping class IDs to out-crossing counts
- Added `class_id_to_name` attribute that stores class name mappings persistently
- Updated `trigger()` method to track per-class counts and extract class names
- Properties return copies to prevent external modification
- Fully backward compatible - works with or without class_id

#### 2. **LineZoneAnnotatorMulticlass** (`supervision/detection/line_zone.py`)
- New annotator class for table-based visualization of per-class counts
- Configurable parameters: position, colors, margins, padding, text styling
- Supports single and multiple line zones with custom labels
- Displays class names when available, or class IDs
- Gracefully handles edge cases (empty zones, no crossings, 20+ classes)

#### 3. **Module Exports** (`supervision/__init__.py`)
- Added `LineZoneAnnotatorMulticlass` to public API

### ‚úÖ Testing Results

- **Custom Tests**: All 5 unit tests pass ‚úì
- **Issue Example**: Works exactly as specified ‚úì
- **Requirements**: All 10 requirements verified ‚úì
- **Regression Tests**: All 525 existing tests pass ‚úì
- **Edge Cases**: Empty zones, no crossings, 25+ classes all handled ‚úì

### üìù Key Features

1. **Sparse dictionaries**: Only classes that actually crossed are included
2. **Backward compatible**: Existing code continues to work unchanged
3. **Persistent class names**: Extracted from detections and stored for visualization
4. **Robust edge case handling**: Works with any number of classes and zones
5. **Clean API**: Follows existing patterns and conventions

### üìÇ Files Modified

1. `/workdir/supervision/supervision/detection/line_zone.py` - Core implementation
2. `/workdir/supervision/supervision/__init__.py` - API exports

The implementation is complete, fully tested, and ready for use!
--------------------------------------------------------------------------------------
and it is running but not otputting more transcipt
--------------------------------------------------------------------------------------
Here is the error that is output by batch1 attempt1:
----------------------------------------------------
Execution Error:
AI agent error
Error Insight:
Your grade_problem endpoint didn't generate the required JUnit XML test report at /tmp/test_output_junit.xml. Ensure your test runner writes results to this path in JUnit XML format.
Error Details:
Received error while grading problem:
Traceback (most recent call last):
  File "/root/code/biome/biome/biome_turbine_env.py", line 658, in transition
    grade = await self.grade_problem(
  File "/root/code/biome/biome/biome_code_env.py", line 491, in grade_problem
    return await self._grade_test_problem(transcript, problem, container)
  File "/root/code/biome/biome/biome_code_env.py", line 599, in _grade_test_problem
    report_log = await JUnitXMLReportLog.from_report(
  File "/root/code/code_tools/code_tools/testsuite_utils/junit_xml.py", line 70, in from_report
    raise FileNotFoundError(
FileNotFoundError: JUnit XML file not found on container: /tmp/test_output_junit.xml
Grading in Progress
The agent run is still in progress. Grade breakdown will be available once the execution is complete.
--------------------------------------------------------------------------------------
--------------------------------------------------------------------------------------
--------------------------------------------------------------------------------------
--------------------------------------------------------------------------------------
batch1 attempt2 gives the following error:
------------------------------------------
Execution Error:
No execution data loaded. Please load the transcript to see details.
Error Insight:
Your grade_problem endpoint didn't generate the required JUnit XML test report at /tmp/test_output_junit.xml. Ensure your test runner writes results to this path in JUnit XML format.
Error Details:
Received error while grading problem:
Traceback (most recent call last):
  File "/root/code/biome/biome/biome_turbine_env.py", line 658, in transition
    grade = await self.grade_problem(
  File "/root/code/biome/biome/biome_code_env.py", line 491, in grade_problem
    return await self._grade_test_problem(transcript, problem, container)
  File "/root/code/biome/biome/biome_code_env.py", line 599, in _grade_test_problem
    report_log = await JUnitXMLReportLog.from_report(
  File "/root/code/code_tools/code_tools/testsuite_utils/junit_xml.py", line 70, in from_report
    raise FileNotFoundError(
FileNotFoundError: JUnit XML file not found on container: /tmp/test_output_junit.xml
--------------------------------------------------------------------------------------
--------------------------------------------------------------------------------------
--------------------------------------------------------------------------------------
--------------------------------------------------------------------------------------
=================================================================================================
=================================================================================================
=================================================================================================
=================================================================================================
=================================================================================================
=================================================================================================
=================================================================================================
=================================================================================================
=================================================================================================
=================================================================================================
=================================================================================================
=================================================================================================
=================================================================================================
=================================================================================================
=================================================================================================
=================================================================================================
=================================================================================================
=================================================================================================
=================================================================================================
=================================================================================================
=================================================================================================
=================================================================================================
=================================================================================================
=================================================================================================
=================================================================================================
=================================================================================================
=================================================================================================
=================================================================================================
=================================================================================================
=================================================================================================
=================================================================================================
=================================================================================================
=================================================================================================
=================================================================================================
=================================================================================================
=================================================================================================
=================================================================================================
attempts_2:
-----------
There are four tests failing:
- test_entire_notebook_empty_metadata - It looks like this failure is False negative: it produces a single-element list with all the content
concatinated. This requirement was not explicitely mentioned in the issue description, though 
it does follow from a typical JSON structure of Jupiter notebook file.
- test_entire_notebook_trailing_newline - the same issue as the previous test, so I would
consider it also False negative.
- test_entire_notebook_no_trailing_newline - The same issue as above, so I would also consider it
False Negative.
- BlackTestCase.test_piping - the agent formats "if ipynb and pyi:" into "if pyi and ipynb:" when
formatting Black's own source code. The code is not broken. The issue description do not explicitely
forbid changing their order, even though mentiones them.  I also think this is False negative.

Thus I do think all these test failures constutute False negative.  At the same time it does not
seem the issue description has to be amended.  Though we might want to add a hint: "When formatting
string content, cell sources should remain as lists of strings (one string per line)"

=================================================================================================
missing: test_ipynb_flag, 
---------
attempt 4: 
----------
There are 16 failing tests:
- test_trailing_semicolon_with_comment_on_next_line - it is a clear failure, in the case when the
issue description clearly explains with example, how to correctly handle the case with a comment 
on a separate line after semicolon.
- test_cell_magic - while expected output is "%%time\nfoo = bar" it rises NothingChanged
exception. The requirment is clearly stated in the issuer description. It is a clear failure.
- test_magic[Help], test_magic[Other help], test_magic[Line magic with argument], test_magic[Line magic without argument]
all raised NothingChanged exception instead of expected outputs like '?str\n"foo"', '??str\n"foo"', '%matplotlib inline\n"foo"', '%time\n"foo"'.
The requirement is present in the issue description.  These are clear failures.
- test_cell_magic_with_magic - it erroniously raises NothingChanged exception 
when formatting "%%t -n1\nls =!ls" instead of adding space like here: "ls = !ls", while there is
a clear requirements in the issue description: "Nested cell magics are both preserved while Python code is formatted" 
It is a clear failure.
- test_cell_magic_nested - for the input "%%time\n%%time\n2+2" it raises NothingChanged exception  while expected output is "%%time\n%%time\n2 + 2".
The requirement "Nested cell magics are both preserved while Python code is formatted" in the issue description
exists, so this is a clear failure.
- TEST 10: test_entire_notebook_empty_metadata - while the expected output is formatted notebook with 'print("foo")' instead of 'print('foo')', 
it raises NothingChanged exception, despite the requirement is presented in the issue description about handling of Metadata.
- test_entire_notebook_trailing_newline - despite the clear requirement present in the issue description about
trainling newline preservation, it erroniously raises NothingChanged exception. It is clear failure.
- test_entire_notebook_no_trailing_newline - despite the clear requirement in the issue description (the same as
in the previous test), it raises  raised (same root cause as TEST 10).  It is a clear failure.
- test_ipynb_diff_with_change - outputs "1 file would be left unchanged" instead of expected non empty diff.
The issue description specifies exact diff format and contains an example of the output. It is clear failure.
- TEST 14,15 - the notebook wasn't reformatted even though dependencies were available,
while "reformatted" in output was expected.  The issue description clearly describe the expected behavior with missing dependencies.
These are clear failures.
- test_ipynb_flag - instead of outputting diff showing formatted code, it outputs "1 file would be left unchanged"
There is a clear requirement in the issue description: "--ipynb flag: Force notebook formatting for files with non-standard extensions".
This is a clear failure.
- BlackTestCase.test_piping - formatted code doesn't match due to import differences.
This is not a problem with the requirements for Jupyter support, but with proper formatting.
Not a super failure, but a failure.


=================================================================================================
=================================================================================================
=================================================================================================